{"/home/whitefire/Desktop/bp/src/app.ts": {"path":"/home/whitefire/Desktop/bp/src/app.ts","statementMap":{"0":{"start":{"line":1,"column":0},"end":{"line":1,"column":26}},"1":{"start":{"line":2,"column":0},"end":{"line":2,"column":29}},"2":{"start":{"line":3,"column":0},"end":{"line":3,"column":35}},"3":{"start":{"line":4,"column":0},"end":{"line":4,"column":41}},"4":{"start":{"line":6,"column":0},"end":{"line":6,"column":42}},"5":{"start":{"line":8,"column":0},"end":{"line":8,"column":35}},"6":{"start":{"line":9,"column":0},"end":{"line":9,"column":53}},"7":{"start":{"line":11,"column":0},"end":{"line":14,"column":5}},"8":{"start":{"line":17,"column":0},"end":{"line":33,"column":68}},"9":{"start":{"line":17,"column":35},"end":{"line":33,"column":2}},"10":{"start":{"line":18,"column":16},"end":{"line":18,"column":25}},"11":{"start":{"line":19,"column":4},"end":{"line":19,"column":31}},"12":{"start":{"line":21,"column":4},"end":{"line":21,"column":29}},"13":{"start":{"line":23,"column":4},"end":{"line":29,"column":7}},"14":{"start":{"line":24,"column":8},"end":{"line":28,"column":11}},"15":{"start":{"line":25,"column":12},"end":{"line":27,"column":41}},"16":{"start":{"line":26,"column":28},"end":{"line":26,"column":32}},"17":{"start":{"line":27,"column":30},"end":{"line":27,"column":39}},"18":{"start":{"line":31,"column":4},"end":{"line":31,"column":74}},"19":{"start":{"line":32,"column":4},"end":{"line":32,"column":62}},"20":{"start":{"line":33,"column":18},"end":{"line":33,"column":66}}},"fnMap":{"0":{"name":"(anonymous_6)","decl":{"start":{"line":17,"column":24},"end":{"line":17,"column":33}},"loc":{"start":{"line":17,"column":35},"end":{"line":33,"column":2}}},"1":{"name":"(anonymous_7)","decl":{"start":{"line":17,"column":35},"end":{"line":17,"column":null}},"loc":{"start":{"line":17,"column":35},"end":{"line":33,"column":1}}},"2":{"name":"(anonymous_8)","decl":{"start":{"line":23,"column":22},"end":{"line":23,"column":27}},"loc":{"start":{"line":23,"column":30},"end":{"line":29,"column":5}}},"3":{"name":"(anonymous_9)","decl":{"start":{"line":24,"column":38},"end":{"line":24,"column":39}},"loc":{"start":{"line":24,"column":95},"end":{"line":28,"column":9}}},"4":{"name":"(anonymous_10)","decl":{"start":{"line":26,"column":22},"end":{"line":26,"column":25}},"loc":{"start":{"line":26,"column":28},"end":{"line":26,"column":32}}},"5":{"name":"(anonymous_11)","decl":{"start":{"line":27,"column":23},"end":{"line":27,"column":26}},"loc":{"start":{"line":27,"column":30},"end":{"line":27,"column":39}}},"6":{"name":"(anonymous_12)","decl":{"start":{"line":33,"column":9},"end":{"line":33,"column":14}},"loc":{"start":{"line":33,"column":18},"end":{"line":33,"column":66}}}},"branchMap":{"0":{"loc":{"start":{"line":31,"column":16},"end":{"line":31,"column":37}},"type":"binary-expr","locations":[{"start":{"line":31,"column":16},"end":{"line":31,"column":37}},{"start":{"line":31,"column":41},"end":{"line":31,"column":63}},{"start":{"line":31,"column":68},"end":{"line":31,"column":72}}]}},"s":{"0":0,"1":0,"2":0,"3":0,"4":0,"5":0,"6":0,"7":0,"8":0,"9":0,"10":0,"11":0,"12":0,"13":0,"14":0,"15":0,"16":0,"17":0,"18":0,"19":0,"20":0},"f":{"0":0,"1":0,"2":0,"3":0,"4":0,"5":0,"6":0},"b":{"0":[0,0,0]}}
,"/home/whitefire/Desktop/bp/src/routes.ts": {"path":"/home/whitefire/Desktop/bp/src/routes.ts","statementMap":{"0":{"start":{"line":1,"column":0},"end":{"line":1,"column":48}},"1":{"start":{"line":2,"column":0},"end":{"line":2,"column":43}},"2":{"start":{"line":3,"column":0},"end":{"line":3,"column":80}},"3":{"start":{"line":8,"column":13},"end":{"line":39,"column":2}}},"fnMap":{},"branchMap":{},"s":{"0":1,"1":1,"2":1,"3":1},"f":{},"b":{}}
,"/home/whitefire/Desktop/bp/src/controller/login.ts": {"path":"/home/whitefire/Desktop/bp/src/controller/login.ts","statementMap":{"0":{"start":{"line":1,"column":0},"end":{"line":1,"column":36}},"1":{"start":{"line":2,"column":0},"end":{"line":2,"column":40}},"2":{"start":{"line":5,"column":0},"end":{"line":5,"column":38}},"3":{"start":{"line":9,"column":8},"end":{"line":9,"column":null}},"4":{"start":{"line":12,"column":17},"end":{"line":16,"column":6}},"5":{"start":{"line":19,"column":8},"end":{"line":19,"column":null}},"6":{"start":{"line":22,"column":4},"end":{"line":22,"column":103}},"7":{"start":{"line":7,"column":0},"end":{"line":7,"column":22}}},"fnMap":{},"branchMap":{"0":{"loc":{"start":{"line":8,"column":8},"end":{"line":8,"column":30}},"type":"binary-expr","locations":[{"start":{"line":8,"column":8},"end":{"line":8,"column":30}},{"start":{"line":8,"column":34},"end":{"line":8,"column":56}}]},"1":{"loc":{"start":{"line":18,"column":8},"end":{"line":18,"column":19}},"type":"binary-expr","locations":[{"start":{"line":18,"column":8},"end":{"line":18,"column":19}},{"start":{"line":18,"column":23},"end":{"line":18,"column":65}}]}},"s":{"0":1,"1":1,"2":1,"3":2,"4":3,"5":1,"6":1,"7":1},"f":{},"b":{"0":[3,2],"1":[2,2]}}
,"/home/whitefire/Desktop/bp/src/controller/model.ts": {"path":"/home/whitefire/Desktop/bp/src/controller/model.ts","statementMap":{"0":{"start":{"line":2,"column":0},"end":{"line":2,"column":40}},"1":{"start":{"line":3,"column":0},"end":{"line":3,"column":40}},"2":{"start":{"line":7,"column":8},"end":{"line":7,"column":29}},"3":{"start":{"line":9,"column":19},"end":{"line":9,"column":77}},"4":{"start":{"line":11,"column":8},"end":{"line":11,"column":29}},"5":{"start":{"line":13,"column":4},"end":{"line":13,"column":26}},"6":{"start":{"line":5,"column":0},"end":{"line":5,"column":22}},"7":{"start":{"line":18,"column":8},"end":{"line":18,"column":29}},"8":{"start":{"line":20,"column":19},"end":{"line":20,"column":30}},"9":{"start":{"line":21,"column":4},"end":{"line":21,"column":34}},"10":{"start":{"line":22,"column":19},"end":{"line":22,"column":58}},"11":{"start":{"line":23,"column":4},"end":{"line":23,"column":26}},"12":{"start":{"line":16,"column":0},"end":{"line":16,"column":22}},"13":{"start":{"line":28,"column":8},"end":{"line":28,"column":29}},"14":{"start":{"line":30,"column":19},"end":{"line":30,"column":77}},"15":{"start":{"line":32,"column":8},"end":{"line":32,"column":29}},"16":{"start":{"line":34,"column":4},"end":{"line":34,"column":46}},"17":{"start":{"line":35,"column":4},"end":{"line":35,"column":24}},"18":{"start":{"line":26,"column":0},"end":{"line":26,"column":22}},"19":{"start":{"line":40,"column":8},"end":{"line":40,"column":29}},"20":{"start":{"line":42,"column":19},"end":{"line":42,"column":77}},"21":{"start":{"line":44,"column":8},"end":{"line":44,"column":29}},"22":{"start":{"line":46,"column":4},"end":{"line":46,"column":26}},"23":{"start":{"line":38,"column":0},"end":{"line":38,"column":22}}},"fnMap":{},"branchMap":{},"s":{"0":1,"1":1,"2":0,"3":1,"4":0,"5":1,"6":1,"7":0,"8":1,"9":1,"10":1,"11":1,"12":1,"13":0,"14":1,"15":0,"16":1,"17":1,"18":1,"19":0,"20":1,"21":0,"22":1,"23":1},"f":{},"b":{}}
,"/home/whitefire/Desktop/bp/src/controller/user.ts": {"path":"/home/whitefire/Desktop/bp/src/controller/user.ts","statementMap":{"0":{"start":{"line":2,"column":0},"end":{"line":2,"column":50}},"1":{"start":{"line":3,"column":0},"end":{"line":3,"column":38}},"2":{"start":{"line":6,"column":18},"end":{"line":6,"column":50}},"3":{"start":{"line":8,"column":4},"end":{"line":8,"column":25}},"4":{"start":{"line":5,"column":0},"end":{"line":5,"column":22}},"5":{"start":{"line":12,"column":17},"end":{"line":12,"column":27}},"6":{"start":{"line":13,"column":4},"end":{"line":13,"column":29}},"7":{"start":{"line":14,"column":4},"end":{"line":14,"column":23}},"8":{"start":{"line":15,"column":4},"end":{"line":15,"column":29}},"9":{"start":{"line":16,"column":4},"end":{"line":16,"column":16}},"10":{"start":{"line":20,"column":18},"end":{"line":20,"column":50}},"11":{"start":{"line":21,"column":4},"end":{"line":25,"column":7}},"12":{"start":{"line":23,"column":12},"end":{"line":23,"column":48}},"13":{"start":{"line":26,"column":4},"end":{"line":26,"column":75}},"14":{"start":{"line":27,"column":4},"end":{"line":27,"column":87}},"15":{"start":{"line":19,"column":0},"end":{"line":19,"column":22}}},"fnMap":{"0":{"name":"createUser","decl":{"start":{"line":11,"column":9},"end":{"line":11,"column":19}},"loc":{"start":{"line":11,"column":69},"end":{"line":17,"column":1}}},"1":{"name":"(anonymous_11)","decl":{"start":{"line":21,"column":18},"end":{"line":21,"column":19}},"loc":{"start":{"line":21,"column":27},"end":{"line":25,"column":5}}}},"branchMap":{"0":{"loc":{"start":{"line":22,"column":12},"end":{"line":22,"column":36}},"type":"binary-expr","locations":[{"start":{"line":22,"column":12},"end":{"line":22,"column":36}},{"start":{"line":22,"column":40},"end":{"line":22,"column":48}}]}},"s":{"0":1,"1":1,"2":1,"3":1,"4":1,"5":2,"6":2,"7":2,"8":2,"9":2,"10":1,"11":1,"12":2,"13":1,"14":1,"15":1},"f":{"0":2,"1":2},"b":{"0":[2,1]}}
,"/home/whitefire/Desktop/bp/src/entity/Model.ts": {"path":"/home/whitefire/Desktop/bp/src/entity/Model.ts","statementMap":{"0":{"start":{"line":1,"column":0},"end":{"line":1,"column":63}},"1":{"start":{"line":7,"column":4},"end":{"line":7,"column":null}},"2":{"start":{"line":10,"column":4},"end":{"line":10,"column":null}},"3":{"start":{"line":4,"column":13},"end":{"line":12,"column":null}},"4":{"start":{"line":4,"column":13},"end":{"line":4,"column":18}}},"fnMap":{},"branchMap":{},"s":{"0":1,"1":1,"2":1,"3":1,"4":1},"f":{},"b":{}}
,"/home/whitefire/Desktop/bp/src/entity/User.ts": {"path":"/home/whitefire/Desktop/bp/src/entity/User.ts","statementMap":{"0":{"start":{"line":1,"column":0},"end":{"line":1,"column":63}},"1":{"start":{"line":7,"column":4},"end":{"line":7,"column":null}},"2":{"start":{"line":12,"column":4},"end":{"line":12,"column":null}},"3":{"start":{"line":17,"column":4},"end":{"line":17,"column":null}},"4":{"start":{"line":20,"column":4},"end":{"line":20,"column":null}},"5":{"start":{"line":4,"column":13},"end":{"line":22,"column":null}},"6":{"start":{"line":4,"column":13},"end":{"line":4,"column":17}}},"fnMap":{},"branchMap":{},"s":{"0":1,"1":1,"2":1,"3":1,"4":1,"5":1,"6":1},"f":{},"b":{}}
}
