TN:
SF:/home/whitefire/Desktop/bp/src/app.ts
FN:17,(anonymous_6)
FN:17,(anonymous_7)
FN:23,(anonymous_8)
FN:24,(anonymous_9)
FN:26,(anonymous_10)
FN:27,(anonymous_11)
FN:33,(anonymous_12)
FNF:7
FNH:0
FNDA:0,(anonymous_6)
FNDA:0,(anonymous_7)
FNDA:0,(anonymous_8)
FNDA:0,(anonymous_9)
FNDA:0,(anonymous_10)
FNDA:0,(anonymous_11)
FNDA:0,(anonymous_12)
DA:1,0
DA:2,0
DA:3,0
DA:4,0
DA:6,0
DA:8,0
DA:9,0
DA:11,0
DA:17,0
DA:18,0
DA:19,0
DA:21,0
DA:23,0
DA:24,0
DA:25,0
DA:26,0
DA:27,0
DA:31,0
DA:32,0
DA:33,0
LF:20
LH:0
BRDA:31,0,0,0
BRDA:31,0,1,0
BRDA:31,0,2,0
BRF:3
BRH:0
end_of_record
TN:
SF:/home/whitefire/Desktop/bp/src/routes.ts
FNF:0
FNH:0
DA:1,1
DA:2,1
DA:3,1
DA:8,1
LF:4
LH:4
BRF:0
BRH:0
end_of_record
TN:
SF:/home/whitefire/Desktop/bp/src/controller/login.ts
FNF:0
FNH:0
DA:1,1
DA:2,1
DA:5,1
DA:7,1
DA:9,2
DA:12,3
DA:19,1
DA:22,1
LF:8
LH:8
BRDA:8,0,0,3
BRDA:8,0,1,2
BRDA:18,1,0,2
BRDA:18,1,1,2
BRF:4
BRH:4
end_of_record
TN:
SF:/home/whitefire/Desktop/bp/src/controller/model.ts
FNF:0
FNH:0
DA:2,1
DA:3,1
DA:5,1
DA:7,0
DA:9,1
DA:11,0
DA:13,1
DA:16,1
DA:18,0
DA:20,1
DA:21,1
DA:22,1
DA:23,1
DA:26,1
DA:28,0
DA:30,1
DA:32,0
DA:34,1
DA:35,1
DA:38,1
DA:40,0
DA:42,1
DA:44,0
DA:46,1
LF:24
LH:17
BRF:0
BRH:0
end_of_record
TN:
SF:/home/whitefire/Desktop/bp/src/controller/user.ts
FN:11,createUser
FN:21,(anonymous_11)
FNF:2
FNH:2
FNDA:2,createUser
FNDA:2,(anonymous_11)
DA:2,1
DA:3,1
DA:5,1
DA:6,1
DA:8,1
DA:12,2
DA:13,2
DA:14,2
DA:15,2
DA:16,2
DA:19,1
DA:20,1
DA:21,1
DA:23,2
DA:26,1
DA:27,1
LF:16
LH:16
BRDA:22,0,0,2
BRDA:22,0,1,1
BRF:2
BRH:2
end_of_record
TN:
SF:/home/whitefire/Desktop/bp/src/entity/Model.ts
FNF:0
FNH:0
DA:1,1
DA:4,1
DA:7,1
DA:10,1
LF:4
LH:4
BRF:0
BRH:0
end_of_record
TN:
SF:/home/whitefire/Desktop/bp/src/entity/User.ts
FNF:0
FNH:0
DA:1,1
DA:4,1
DA:7,1
DA:12,1
DA:17,1
DA:20,1
LF:6
LH:6
BRF:0
BRH:0
end_of_record
