TN:
SF:/home/whitefire/Desktop/bp/src/impl/src/app.ts
FN:18,(anonymous_6)
FN:18,(anonymous_7)
FN:25,(anonymous_8)
FN:26,(anonymous_9)
FN:29,(anonymous_10)
FN:30,(anonymous_11)
FN:37,(anonymous_12)
FNF:7
FNH:0
FNDA:0,(anonymous_6)
FNDA:0,(anonymous_7)
FNDA:0,(anonymous_8)
FNDA:0,(anonymous_9)
FNDA:0,(anonymous_10)
FNDA:0,(anonymous_11)
FNDA:0,(anonymous_12)
DA:1,0
DA:2,0
DA:3,0
DA:4,0
DA:5,0
DA:7,0
DA:9,0
DA:10,0
DA:12,0
DA:17,0
DA:18,0
DA:19,0
DA:20,0
DA:21,0
DA:23,0
DA:25,0
DA:26,0
DA:27,0
DA:29,0
DA:30,0
DA:34,0
DA:35,0
DA:37,0
LF:23
LH:0
BRDA:21,0,0,0
BRDA:21,0,1,0
BRDA:34,1,0,0
BRDA:34,1,1,0
BRDA:34,1,2,0
BRF:5
BRH:0
end_of_record
TN:
SF:/home/whitefire/Desktop/bp/src/impl/src/routes.ts
FNF:0
FNH:0
DA:1,1
DA:2,1
DA:3,1
DA:4,1
DA:5,1
DA:10,1
LF:6
LH:6
BRF:0
BRH:0
end_of_record
TN:
SF:/home/whitefire/Desktop/bp/src/impl/src/utils.ts
FN:5,(anonymous_6)
FN:5,(anonymous_7)
FN:14,createUser
FNF:3
FNH:0
FNDA:0,(anonymous_6)
FNDA:0,(anonymous_7)
FNDA:0,createUser
DA:1,1
DA:2,1
DA:3,1
DA:5,1
DA:6,0
DA:7,0
DA:9,0
DA:11,0
DA:15,0
DA:16,0
DA:17,0
DA:18,0
DA:19,0
DA:22,1
DA:23,1
DA:29,0
DA:30,0
LF:17
LH:6
BRF:0
BRH:0
end_of_record
TN:
SF:/home/whitefire/Desktop/bp/src/impl/src/controller/filed.ts
FNF:0
FNH:0
DA:2,1
DA:3,1
DA:4,1
DA:5,1
DA:7,1
DA:9,1
DA:10,1
DA:12,1
DA:14,1
DA:15,1
DA:16,1
DA:19,1
DA:20,1
DA:21,1
DA:24,1
DA:25,1
DA:26,1
DA:28,1
DA:29,1
DA:30,1
DA:31,1
DA:34,1
DA:35,2
DA:37,1
DA:38,1
DA:42,1
DA:43,1
DA:44,1
DA:47,1
DA:48,1
DA:49,1
DA:52,1
DA:53,1
DA:54,1
DA:57,1
DA:58,1
DA:61,1
DA:62,2
DA:64,1
DA:65,1
DA:67,1
DA:77,1
DA:78,2
DA:80,1
DA:81,1
DA:84,1
DA:85,1
LF:47
LH:47
BRDA:8,0,0,2
BRDA:8,0,1,1
BRDA:8,0,2,1
BRF:3
BRH:3
end_of_record
TN:
SF:/home/whitefire/Desktop/bp/src/impl/src/controller/login.ts
FNF:0
FNH:0
DA:1,1
DA:2,1
DA:5,1
DA:7,1
DA:9,2
DA:12,4
DA:19,1
DA:22,3
LF:8
LH:8
BRDA:8,0,0,4
BRDA:8,0,1,3
BRDA:18,1,0,4
BRDA:18,1,1,3
BRDA:22,2,0,2
BRDA:22,2,1,0
BRF:6
BRH:5
end_of_record
TN:
SF:/home/whitefire/Desktop/bp/src/impl/src/controller/model.ts
FNF:0
FNH:0
DA:2,1
DA:3,1
DA:5,1
DA:6,2
DA:8,1
DA:9,1
DA:13,1
DA:16,1
DA:18,1
DA:19,1
DA:22,1
DA:24,1
DA:25,1
DA:27,3
DA:28,3
DA:29,3
DA:30,3
DA:32,3
DA:35,1
DA:36,2
DA:38,1
DA:39,1
DA:42,1
DA:43,1
DA:46,1
DA:47,2
DA:49,1
DA:50,1
DA:52,1
LF:29
LH:29
BRDA:29,0,0,1
BRDA:29,0,1,2
BRF:2
BRH:2
end_of_record
TN:
SF:/home/whitefire/Desktop/bp/src/impl/src/controller/project.ts
FNF:0
FNH:0
DA:2,1
DA:3,1
DA:5,1
DA:7,1
DA:8,1
DA:10,2
DA:11,2
DA:12,2
DA:13,2
DA:16,1
DA:17,2
DA:19,1
DA:20,1
DA:24,1
DA:26,1
DA:27,1
DA:30,1
DA:31,2
DA:33,1
DA:34,1
DA:36,1
DA:39,1
DA:40,2
DA:42,1
DA:43,1
DA:46,1
DA:47,1
LF:27
LH:27
BRF:0
BRH:0
end_of_record
TN:
SF:/home/whitefire/Desktop/bp/src/impl/src/controller/user.ts
FNF:0
FNH:0
DA:2,1
DA:3,1
DA:5,1
DA:6,1
DA:8,1
LF:5
LH:5
BRF:0
BRH:0
end_of_record
TN:
SF:/home/whitefire/Desktop/bp/src/impl/src/entity/Field.ts
FN:65,(anonymous_2)
FN:65,(anonymous_3)
FN:70,(anonymous_4)
FN:70,(anonymous_5)
FNF:4
FNH:4
FNDA:1,(anonymous_2)
FNDA:1,(anonymous_3)
FNDA:1,(anonymous_4)
FNDA:1,(anonymous_5)
DA:1,1
DA:3,1
DA:4,1
DA:7,1
DA:9,1
DA:15,1
DA:21,1
DA:27,1
DA:33,1
DA:39,1
DA:45,1
DA:51,1
DA:57,1
DA:63,1
DA:65,1
DA:68,1
DA:70,1
DA:73,1
LF:18
LH:18
BRF:0
BRH:0
end_of_record
TN:
SF:/home/whitefire/Desktop/bp/src/impl/src/entity/Mesh.ts
FN:17,(anonymous_2)
FN:17,(anonymous_3)
FN:20,(anonymous_4)
FN:20,(anonymous_5)
FNF:4
FNH:4
FNDA:1,(anonymous_2)
FNDA:1,(anonymous_3)
FNDA:1,(anonymous_4)
FNDA:1,(anonymous_5)
DA:1,1
DA:3,1
DA:4,1
DA:7,1
DA:9,1
DA:12,1
DA:15,1
DA:17,1
DA:18,1
DA:20,1
DA:23,1
LF:11
LH:11
BRF:0
BRH:0
end_of_record
TN:
SF:/home/whitefire/Desktop/bp/src/impl/src/entity/Model.ts
FN:17,(anonymous_2)
FN:17,(anonymous_3)
FN:20,(anonymous_4)
FN:20,(anonymous_5)
FNF:4
FNH:4
FNDA:1,(anonymous_2)
FNDA:1,(anonymous_3)
FNDA:1,(anonymous_4)
FNDA:1,(anonymous_5)
DA:1,1
DA:3,1
DA:4,1
DA:7,1
DA:9,1
DA:12,1
DA:15,1
DA:17,1
DA:18,1
DA:20,1
DA:23,1
LF:11
LH:11
BRF:0
BRH:0
end_of_record
TN:
SF:/home/whitefire/Desktop/bp/src/impl/src/entity/Project.ts
FN:13,(anonymous_2)
FN:13,(anonymous_3)
FNF:2
FNH:2
FNDA:1,(anonymous_2)
FNDA:1,(anonymous_3)
DA:1,1
DA:3,1
DA:6,1
DA:8,1
DA:11,1
DA:13,1
DA:14,1
LF:7
LH:7
BRF:0
BRH:0
end_of_record
TN:
SF:/home/whitefire/Desktop/bp/src/impl/src/entity/Texture.ts
FN:5,(anonymous_2)
FN:24,(anonymous_3)
FN:24,(anonymous_4)
FNF:3
FNH:3
FNDA:1,(anonymous_2)
FNDA:1,(anonymous_3)
FNDA:1,(anonymous_4)
DA:1,1
DA:3,1
DA:5,1
DA:6,1
DA:7,1
DA:8,1
DA:12,1
DA:14,1
DA:17,1
DA:22,1
DA:24,1
DA:25,1
LF:12
LH:12
BRDA:5,0,0,1
BRDA:5,0,1,1
BRF:2
BRH:2
end_of_record
TN:
SF:/home/whitefire/Desktop/bp/src/impl/src/entity/User.ts
FNF:0
FNH:0
DA:1,1
DA:4,1
DA:6,1
DA:11,1
DA:16,1
DA:19,1
LF:6
LH:6
BRF:0
BRH:0
end_of_record
